<?xml version="1.0" encoding="UTF-8"?>
<!-- Generated by org.testng.reporters.JUnitXMLReporter -->
<testsuite hostname="Rohit" ignored="0" name="Test2" tests="4" failures="1" timestamp="30 Oct 2021 12:09:52 GMT" time="11.154" errors="0">
  <testcase name="DashboardUserText" time="5.015" classname="com.testCases.Test2"/>
  <testcase name="listOfCourses" time="1.681" classname="com.testCases.Test2"/>
  <testcase name="loginTest" time="0.325" classname="com.testCases.Test2"/>
  <testcase name="Dashboard" time="1.386" classname="com.testCases.Test2">
    <failure type="java.lang.AssertionError" message="expected:&amp;lt;JavaByKiran | Dashboard&amp;gt; but was:&amp;lt;JavaByKiran | Dashboard1&amp;gt;">
      <![CDATA[java.lang.AssertionError: expected:<JavaByKiran | Dashboard> but was:<JavaByKiran | Dashboard1>
at com.testCases.Test2.Dashboard(Test2.java:43)
at java.util.concurrent.ThreadPoolExecutor.runWorker(ThreadPoolExecutor.java:1149)
at java.util.concurrent.ThreadPoolExecutor$Worker.run(ThreadPoolExecutor.java:624)
at java.lang.Thread.run(Thread.java:748)
... Removed 12 stack frames]]>
    </failure>
  </testcase> <!-- Dashboard -->
</testsuite> <!-- Test2 -->
