<?xml version="1.0" encoding="UTF-8"?>
<testsuite xmlns:xsi="http://www.w3.org/2001/XMLSchema-instance" xsi:noNamespaceSchemaLocation="https://maven.apache.org/surefire/maven-surefire-plugin/xsd/surefire-test-report-3.0.xsd" version="3.0" name="TestSuite" time="31.246" tests="6" errors="0" skipped="0" failures="0">
  <properties>
[...]
</properties>
  <testcase name="SecondTest" classname="com.testCases.test1" time="9.94">
    <system-out><![CDATA[[TestNGContentHandler] [WARN] It is strongly recommended to add "<!DOCTYPE suite SYSTEM "http://testng.org/testng-1.0.dtd" >" at the top of your file, otherwise TestNG may fail or not work as expected.
//input[@id='email']
//button
]]></system-out>
    <system-err><![CDATA[Starting ChromeDriver 94.0.4606.61 (418b78f5838ed0b1c69bb4e51ea0252171854915-refs/branch-heads/4606@{#1204}) on port 14938
Only local connections are allowed.
Please see https://chromedriver.chromium.org/security-considerations for suggestions on keeping ChromeDriver safe.
ChromeDriver was started successfully.
[1635425087.888][WARNING]: This version of ChromeDriver has not been tested with Chrome version 95.
Oct 28, 2021 6:14:48 PM org.openqa.selenium.remote.ProtocolHandshake createSession
INFO: Detected dialect: W3C
Starting ChromeDriver 94.0.4606.61 (418b78f5838ed0b1c69bb4e51ea0252171854915-refs/branch-heads/4606@{#1204}) on port 2110
Only local connections are allowed.
Please see https://chromedriver.chromium.org/security-considerations for suggestions on keeping ChromeDriver safe.
ChromeDriver was started successfully.
[1635425090.790][WARNING]: This version of ChromeDriver has not been tested with Chrome version 95.
Oct 28, 2021 6:14:51 PM org.openqa.selenium.remote.ProtocolHandshake createSession
INFO: Detected dialect: W3C
]]></system-err>
  </testcase>
  <testcase name="firstTest" classname="com.testCases.test1" time="3.763">
    <system-out><![CDATA[//input[@id='email']
//button
]]></system-out>
  </testcase>
  <testcase name="DashboardUserText" classname="com.testCases.Test2" time="4.371">
    <system-out><![CDATA[JavaByKiran | Log in
]]></system-out>
  </testcase>
  <testcase name="listOfCourses" classname="com.testCases.Test2" time="0.797">
    <system-out><![CDATA[JavaByKiran | Log in
]]></system-out>
  </testcase>
  <testcase name="loginTest" classname="com.testCases.Test2" time="0.14"/>
  <testcase name="Dashboard" classname="com.testCases.Test2" time="0.591"/>
</testsuite>