<?xml version="1.0" encoding="UTF-8"?>
<!-- Generated by org.testng.reporters.JUnitXMLReporter -->
<testsuite hostname="Rohit" ignored="0" name="Test" tests="6" failures="0" timestamp="28 Oct 2021 12:45:11 GMT" time="28.051" errors="0">
  <testcase name="SecondTest" time="10.11" classname="com.testCases.test1"/>
  <testcase name="firstTest" time="3.779" classname="com.testCases.test1"/>
  <testcase name="DashboardUserText" time="4.372" classname="com.testCases.Test2"/>
  <testcase name="listOfCourses" time="0.796" classname="com.testCases.Test2"/>
  <testcase name="loginTest" time="0.14" classname="com.testCases.Test2"/>
  <testcase name="Dashboard" time="0.59" classname="com.testCases.Test2"/>
</testsuite> <!-- Test -->
